[root@vm-centos7 ansible]# ansible-playbook -i ./hosts main.yml

PLAY [all] **************************************************************************************************************************************************************************************************************************************

TASK [Gathering Facts] **************************************************************************************************************************************************************************************************************************
ok: [prod]
ok: [stage]
ok: [jenkins-ci]

TASK [Add Docker repo] **************************************************************************************************************************************************************************************************************************
changed: [stage]
changed: [jenkins-ci]
changed: [prod]

TASK [Enable Docker repo] ***********************************************************************************************************************************************************************************************************************
changed: [jenkins-ci]
changed: [stage]
changed: [prod]

TASK [Install Docker] ***************************************************************************************************************************************************************************************************************************
changed: [jenkins-ci]
changed: [stage]
changed: [prod]

TASK [Start Docker service] *********************************************************************************************************************************************************************************************************************
changed: [stage]
changed: [prod]
changed: [jenkins-ci]

TASK [Open Firewall Port (jenkins and wordpress)] ***********************************************************************************************************************************************************************************************
changed: [prod]
changed: [stage]
changed: [jenkins-ci]

TASK [sudo without password for wheel group] ****************************************************************************************************************************************************************************************************
changed: [jenkins-ci]
changed: [prod]
changed: [stage]

PLAY [workers] **********************************************************************************************************************************************************************************************************************************

TASK [Gathering Facts] **************************************************************************************************************************************************************************************************************************
ok: [stage]
ok: [prod]

TASK [User add Jenkins at workers] **************************************************************************************************************************************************************************************************************
changed: [stage]
changed: [prod]

TASK [User Jenkins add group Docker and change Shell] *******************************************************************************************************************************************************************************************
changed: [prod]
changed: [stage]

TASK [Set authorized key took from file] ********************************************************************************************************************************************************************************************************
changed: [stage]
changed: [prod]

PLAY [master] ***********************************************************************************************************************************************************************************************************************************

TASK [Gathering Facts] **************************************************************************************************************************************************************************************************************************
ok: [jenkins-ci]

TASK [Ensure Jenkins Repository is Installed] ***************************************************************************************************************************************************************************************************
changed: [jenkins-ci]

TASK [Installed JDK] ****************************************************************************************************************************************************************************************************************************
changed: [jenkins-ci]

TASK [Installed Git] ****************************************************************************************************************************************************************************************************************************
changed: [jenkins-ci]

TASK [Ensure Jenkins is Installed] **************************************************************************************************************************************************************************************************************
changed: [jenkins-ci]

TASK [Add user jenkins to docker group] *********************************************************************************************************************************************************************************************************
changed: [jenkins-ci]

TASK [Jankins user change shell and home dir] ***************************************************************************************************************************************************************************************************
changed: [jenkins-ci]

TASK [Creates directory] ************************************************************************************************************************************************************************************************************************
changed: [jenkins-ci]

TASK [Install ssh key priv] *********************************************************************************************************************************************************************************************************************
changed: [jenkins-ci]

TASK [Enable and Start the Jenkins Service] *****************************************************************************************************************************************************************************************************
changed: [jenkins-ci]

PLAY RECAP **************************************************************************************************************************************************************************************************************************************
jenkins-ci                 : ok=17   changed=15   unreachable=0    failed=0    skipped=0    rescued=0    ignored=0   
prod                       : ok=11   changed=9    unreachable=0    failed=0    skipped=0    rescued=0    ignored=0   
stage                      : ok=11   changed=9    unreachable=0    failed=0    skipped=0    rescued=0    ignored=0   

